Working directory: /srv/nfs/logti-hyper-c1/av00680@ens.ad.etsmtl.ca/mti881-projet2/etape4
Starting at Tue Apr 15 17:48:39 EDT 2025
Running on logti-hyperbole.ens.ad.etsmtl.ca
Current user: av00680@ens.ad.etsmtl.ca
Directory ~ : job
mti881-projet2
projet2_phase0
projet2_phase1
projet2_phase1main
projet2_phase2
projet2_phase3
Tue Apr 15 17:48:39 2025       
+-----------------------------------------------------------------------------------------+
| NVIDIA-SMI 570.124.06             Driver Version: 570.124.06     CUDA Version: 12.8     |
|-----------------------------------------+------------------------+----------------------+
| GPU  Name                 Persistence-M | Bus-Id          Disp.A | Volatile Uncorr. ECC |
| Fan  Temp   Perf          Pwr:Usage/Cap |           Memory-Usage | GPU-Util  Compute M. |
|                                         |                        |               MIG M. |
|=========================================+========================+======================|
|   0  NVIDIA RTX A6000               On  |   00000000:01:00.0 Off |                  Off |
| 50%   76C    P0            281W /  300W |   32712MiB /  49140MiB |    100%      Default |
|                                         |                        |                  N/A |
+-----------------------------------------+------------------------+----------------------+
|   1  NVIDIA RTX A6000               On  |   00000000:02:00.0 Off |                  Off |
| 30%   29C    P8             17W /  300W |       2MiB /  49140MiB |      0%      Default |
|                                         |                        |                  N/A |
+-----------------------------------------+------------------------+----------------------+
|   2  NVIDIA RTX A6000               On  |   00000000:C1:00.0 Off |                  Off |
| 30%   26C    P8             23W /  300W |       2MiB /  49140MiB |      0%      Default |
|                                         |                        |                  N/A |
+-----------------------------------------+------------------------+----------------------+
|   3  NVIDIA RTX A6000               On  |   00000000:C2:00.0 Off |                  Off |
| 30%   27C    P8             19W /  300W |       2MiB /  49140MiB |      0%      Default |
|                                         |                        |                  N/A |
+-----------------------------------------+------------------------+----------------------+
                                                                                         
+-----------------------------------------------------------------------------------------+
| Processes:                                                                              |
|  GPU   GI   CI              PID   Type   Process name                        GPU Memory |
|        ID   ID                                                               Usage      |
|=========================================================================================|
|    0   N/A  N/A          161267      C   python                                 3850MiB |
|    0   N/A  N/A          161653      C   python                                 2670MiB |
|    0   N/A  N/A          161710      C   python                                26172MiB |
+-----------------------------------------------------------------------------------------+
Début de l'optimisation...
2025-04-15 17:48:40,564 - INFO - Début du trial 0 - dossier: ./checkpoints/trial_0_20250415_174840
2025-04-15 17:48:40,564 - INFO - Exécution de la commande: python train_medmention.py --output_dir ./checkpoints/trial_0_20250415_174840 --learning_rate 1.6374067704767156e-05 --per_device_train_batch_size 16 --num_train_epochs 4 --weight_decay 0.0 --model_name_or_path bert-base-uncased --train_file /srv/nfs/logti-hyper-c1/av00680@ens.ad.etsmtl.ca/mti881-projet2/etape4/dataset_concat.json --do_train --do_eval --do_predict --overwrite_output_dir
2025-04-15 17:55:33,876 - INFO - Trial 0 terminé - F1-score: 0.6020634379263301
[I 2025-04-15 17:55:33,876] Trial 0 finished with value: 0.6020634379263301 and parameters: {'learning_rate': 1.6374067704767156e-05, 'batch_size': 16, 'num_train_epochs': 4}. Best is trial 0 with value: 0.6020634379263301.
2025-04-15 17:55:33,877 - INFO - Début du trial 1 - dossier: ./checkpoints/trial_1_20250415_175533
2025-04-15 17:55:33,877 - INFO - Exécution de la commande: python train_medmention.py --output_dir ./checkpoints/trial_1_20250415_175533 --learning_rate 3.38789577305698e-05 --per_device_train_batch_size 32 --num_train_epochs 5 --weight_decay 0.0 --model_name_or_path bert-base-uncased --train_file /srv/nfs/logti-hyper-c1/av00680@ens.ad.etsmtl.ca/mti881-projet2/etape4/dataset_concat.json --do_train --do_eval --do_predict --overwrite_output_dir
2025-04-15 18:03:21,542 - INFO - Trial 1 terminé - F1-score: 0.632360427625997
[I 2025-04-15 18:03:21,543] Trial 1 finished with value: 0.632360427625997 and parameters: {'learning_rate': 3.38789577305698e-05, 'batch_size': 32, 'num_train_epochs': 5}. Best is trial 1 with value: 0.632360427625997.
2025-04-15 18:03:21,544 - INFO - Début du trial 2 - dossier: ./checkpoints/trial_2_20250415_180321
2025-04-15 18:03:21,544 - INFO - Exécution de la commande: python train_medmention.py --output_dir ./checkpoints/trial_2_20250415_180321 --learning_rate 2.7649996521228023e-05 --per_device_train_batch_size 8 --num_train_epochs 4 --weight_decay 0.0 --model_name_or_path bert-base-uncased --train_file /srv/nfs/logti-hyper-c1/av00680@ens.ad.etsmtl.ca/mti881-projet2/etape4/dataset_concat.json --do_train --do_eval --do_predict --overwrite_output_dir
2025-04-15 18:11:43,161 - INFO - Trial 2 terminé - F1-score: 0.6399490012749681
[I 2025-04-15 18:11:43,161] Trial 2 finished with value: 0.6399490012749681 and parameters: {'learning_rate': 2.7649996521228023e-05, 'batch_size': 8, 'num_train_epochs': 4}. Best is trial 2 with value: 0.6399490012749681.
2025-04-15 18:11:43,162 - INFO - Début du trial 3 - dossier: ./checkpoints/trial_3_20250415_181143
2025-04-15 18:11:43,162 - INFO - Exécution de la commande: python train_medmention.py --output_dir ./checkpoints/trial_3_20250415_181143 --learning_rate 1.3506408884849633e-05 --per_device_train_batch_size 8 --num_train_epochs 5 --weight_decay 0.0 --model_name_or_path bert-base-uncased --train_file /srv/nfs/logti-hyper-c1/av00680@ens.ad.etsmtl.ca/mti881-projet2/etape4/dataset_concat.json --do_train --do_eval --do_predict --overwrite_output_dir
2025-04-15 18:22:00,456 - INFO - Trial 3 terminé - F1-score: 0.6231363770747984
[I 2025-04-15 18:22:00,456] Trial 3 finished with value: 0.6231363770747984 and parameters: {'learning_rate': 1.3506408884849633e-05, 'batch_size': 8, 'num_train_epochs': 5}. Best is trial 2 with value: 0.6399490012749681.
2025-04-15 18:22:00,457 - INFO - Début du trial 4 - dossier: ./checkpoints/trial_4_20250415_182200
2025-04-15 18:22:00,457 - INFO - Exécution de la commande: python train_medmention.py --output_dir ./checkpoints/trial_4_20250415_182200 --learning_rate 1.5208149366891618e-05 --per_device_train_batch_size 8 --num_train_epochs 5 --weight_decay 0.0 --model_name_or_path bert-base-uncased --train_file /srv/nfs/logti-hyper-c1/av00680@ens.ad.etsmtl.ca/mti881-projet2/etape4/dataset_concat.json --do_train --do_eval --do_predict --overwrite_output_dir
2025-04-15 18:32:19,584 - INFO - Trial 4 terminé - F1-score: 0.628494100731594
[I 2025-04-15 18:32:19,584] Trial 4 finished with value: 0.628494100731594 and parameters: {'learning_rate': 1.5208149366891618e-05, 'batch_size': 8, 'num_train_epochs': 5}. Best is trial 2 with value: 0.6399490012749681.
2025-04-15 18:32:19,585 - INFO - Début du trial 5 - dossier: ./checkpoints/trial_5_20250415_183219
2025-04-15 18:32:19,585 - INFO - Exécution de la commande: python train_medmention.py --output_dir ./checkpoints/trial_5_20250415_183219 --learning_rate 2.282839664043224e-05 --per_device_train_batch_size 32 --num_train_epochs 4 --weight_decay 0.0 --model_name_or_path bert-base-uncased --train_file /srv/nfs/logti-hyper-c1/av00680@ens.ad.etsmtl.ca/mti881-projet2/etape4/dataset_concat.json --do_train --do_eval --do_predict --overwrite_output_dir
2025-04-15 18:38:40,753 - INFO - Trial 5 terminé - F1-score: 0.5980187917180393
[I 2025-04-15 18:38:40,753] Trial 5 finished with value: 0.5980187917180393 and parameters: {'learning_rate': 2.282839664043224e-05, 'batch_size': 32, 'num_train_epochs': 4}. Best is trial 2 with value: 0.6399490012749681.
2025-04-15 18:38:40,754 - INFO - Début du trial 6 - dossier: ./checkpoints/trial_6_20250415_183840
2025-04-15 18:38:40,754 - INFO - Exécution de la commande: python train_medmention.py --output_dir ./checkpoints/trial_6_20250415_183840 --learning_rate 3.1631928168739894e-05 --per_device_train_batch_size 16 --num_train_epochs 5 --weight_decay 0.0 --model_name_or_path bert-base-uncased --train_file /srv/nfs/logti-hyper-c1/av00680@ens.ad.etsmtl.ca/mti881-projet2/etape4/dataset_concat.json --do_train --do_eval --do_predict --overwrite_output_dir
2025-04-15 18:46:58,666 - INFO - Trial 6 terminé - F1-score: 0.6430469441984056
[I 2025-04-15 18:46:58,666] Trial 6 finished with value: 0.6430469441984056 and parameters: {'learning_rate': 3.1631928168739894e-05, 'batch_size': 16, 'num_train_epochs': 5}. Best is trial 6 with value: 0.6430469441984056.
2025-04-15 18:46:58,667 - INFO - Début du trial 7 - dossier: ./checkpoints/trial_7_20250415_184658
2025-04-15 18:46:58,667 - INFO - Exécution de la commande: python train_medmention.py --output_dir ./checkpoints/trial_7_20250415_184658 --learning_rate 1.378924907439671e-05 --per_device_train_batch_size 8 --num_train_epochs 4 --weight_decay 0.0 --model_name_or_path bert-base-uncased --train_file /srv/nfs/logti-hyper-c1/av00680@ens.ad.etsmtl.ca/mti881-projet2/etape4/dataset_concat.json --do_train --do_eval --do_predict --overwrite_output_dir
2025-04-15 18:55:20,701 - INFO - Trial 7 terminé - F1-score: 0.6132812500000001
[I 2025-04-15 18:55:20,702] Trial 7 finished with value: 0.6132812500000001 and parameters: {'learning_rate': 1.378924907439671e-05, 'batch_size': 8, 'num_train_epochs': 4}. Best is trial 6 with value: 0.6430469441984056.
2025-04-15 18:55:20,702 - INFO - Début du trial 8 - dossier: ./checkpoints/trial_8_20250415_185520
2025-04-15 18:55:20,702 - INFO - Exécution de la commande: python train_medmention.py --output_dir ./checkpoints/trial_8_20250415_185520 --learning_rate 2.5568688989152267e-05 --per_device_train_batch_size 32 --num_train_epochs 4 --weight_decay 0.0 --model_name_or_path bert-base-uncased --train_file /srv/nfs/logti-hyper-c1/av00680@ens.ad.etsmtl.ca/mti881-projet2/etape4/dataset_concat.json --do_train --do_eval --do_predict --overwrite_output_dir
2025-04-15 19:01:42,130 - INFO - Trial 8 terminé - F1-score: 0.6062101233517652
[I 2025-04-15 19:01:42,130] Trial 8 finished with value: 0.6062101233517652 and parameters: {'learning_rate': 2.5568688989152267e-05, 'batch_size': 32, 'num_train_epochs': 4}. Best is trial 6 with value: 0.6430469441984056.
2025-04-15 19:01:42,131 - INFO - Début du trial 9 - dossier: ./checkpoints/trial_9_20250415_190142
2025-04-15 19:01:42,131 - INFO - Exécution de la commande: python train_medmention.py --output_dir ./checkpoints/trial_9_20250415_190142 --learning_rate 1.9684495805088927e-05 --per_device_train_batch_size 8 --num_train_epochs 3 --weight_decay 0.0 --model_name_or_path bert-base-uncased --train_file /srv/nfs/logti-hyper-c1/av00680@ens.ad.etsmtl.ca/mti881-projet2/etape4/dataset_concat.json --do_train --do_eval --do_predict --overwrite_output_dir
2025-04-15 19:08:05,565 - INFO - Trial 9 terminé - F1-score: 0.613089672758181
[I 2025-04-15 19:08:05,565] Trial 9 finished with value: 0.613089672758181 and parameters: {'learning_rate': 1.9684495805088927e-05, 'batch_size': 8, 'num_train_epochs': 3}. Best is trial 6 with value: 0.6430469441984056.
2025-04-15 19:08:05,571 - INFO - Début du trial 10 - dossier: ./checkpoints/trial_10_20250415_190805
2025-04-15 19:08:05,571 - INFO - Exécution de la commande: python train_medmention.py --output_dir ./checkpoints/trial_10_20250415_190805 --learning_rate 4.870169580057022e-05 --per_device_train_batch_size 16 --num_train_epochs 3 --weight_decay 0.0 --model_name_or_path bert-base-uncased --train_file /srv/nfs/logti-hyper-c1/av00680@ens.ad.etsmtl.ca/mti881-projet2/etape4/dataset_concat.json --do_train --do_eval --do_predict --overwrite_output_dir
2025-04-15 19:13:16,670 - INFO - Trial 10 terminé - F1-score: 0.6407717479070163
[I 2025-04-15 19:13:16,670] Trial 10 finished with value: 0.6407717479070163 and parameters: {'learning_rate': 4.870169580057022e-05, 'batch_size': 16, 'num_train_epochs': 3}. Best is trial 6 with value: 0.6430469441984056.
2025-04-15 19:13:16,681 - INFO - Début du trial 11 - dossier: ./checkpoints/trial_11_20250415_191316
2025-04-15 19:13:16,681 - INFO - Exécution de la commande: python train_medmention.py --output_dir ./checkpoints/trial_11_20250415_191316 --learning_rate 4.9197434271827175e-05 --per_device_train_batch_size 16 --num_train_epochs 3 --weight_decay 0.0 --model_name_or_path bert-base-uncased --train_file /srv/nfs/logti-hyper-c1/av00680@ens.ad.etsmtl.ca/mti881-projet2/etape4/dataset_concat.json --do_train --do_eval --do_predict --overwrite_output_dir
2025-04-15 19:18:29,408 - INFO - Trial 11 terminé - F1-score: 0.6393686086476852
[I 2025-04-15 19:18:29,408] Trial 11 finished with value: 0.6393686086476852 and parameters: {'learning_rate': 4.9197434271827175e-05, 'batch_size': 16, 'num_train_epochs': 3}. Best is trial 6 with value: 0.6430469441984056.
2025-04-15 19:18:29,414 - INFO - Début du trial 12 - dossier: ./checkpoints/trial_12_20250415_191829
2025-04-15 19:18:29,414 - INFO - Exécution de la commande: python train_medmention.py --output_dir ./checkpoints/trial_12_20250415_191829 --learning_rate 4.395585512565232e-05 --per_device_train_batch_size 16 --num_train_epochs 3 --weight_decay 0.0 --model_name_or_path bert-base-uncased --train_file /srv/nfs/logti-hyper-c1/av00680@ens.ad.etsmtl.ca/mti881-projet2/etape4/dataset_concat.json --do_train --do_eval --do_predict --overwrite_output_dir
2025-04-15 19:23:40,462 - INFO - Trial 12 terminé - F1-score: 0.6321546680234037
[I 2025-04-15 19:23:40,463] Trial 12 finished with value: 0.6321546680234037 and parameters: {'learning_rate': 4.395585512565232e-05, 'batch_size': 16, 'num_train_epochs': 3}. Best is trial 6 with value: 0.6430469441984056.
2025-04-15 19:23:40,468 - INFO - Début du trial 13 - dossier: ./checkpoints/trial_13_20250415_192340
2025-04-15 19:23:40,468 - INFO - Exécution de la commande: python train_medmention.py --output_dir ./checkpoints/trial_13_20250415_192340 --learning_rate 3.615784891249719e-05 --per_device_train_batch_size 16 --num_train_epochs 5 --weight_decay 0.0 --model_name_or_path bert-base-uncased --train_file /srv/nfs/logti-hyper-c1/av00680@ens.ad.etsmtl.ca/mti881-projet2/etape4/dataset_concat.json --do_train --do_eval --do_predict --overwrite_output_dir
2025-04-15 19:31:57,371 - INFO - Trial 13 terminé - F1-score: 0.6458772892227193
[I 2025-04-15 19:31:57,371] Trial 13 finished with value: 0.6458772892227193 and parameters: {'learning_rate': 3.615784891249719e-05, 'batch_size': 16, 'num_train_epochs': 5}. Best is trial 13 with value: 0.6458772892227193.
2025-04-15 19:31:57,377 - INFO - Début du trial 14 - dossier: ./checkpoints/trial_14_20250415_193157
2025-04-15 19:31:57,377 - INFO - Exécution de la commande: python train_medmention.py --output_dir ./checkpoints/trial_14_20250415_193157 --learning_rate 3.472065787931698e-05 --per_device_train_batch_size 16 --num_train_epochs 5 --weight_decay 0.0 --model_name_or_path bert-base-uncased --train_file /srv/nfs/logti-hyper-c1/av00680@ens.ad.etsmtl.ca/mti881-projet2/etape4/dataset_concat.json --do_train --do_eval --do_predict --overwrite_output_dir
2025-04-15 19:40:14,571 - INFO - Trial 14 terminé - F1-score: 0.646862455102472
[I 2025-04-15 19:40:14,572] Trial 14 finished with value: 0.646862455102472 and parameters: {'learning_rate': 3.472065787931698e-05, 'batch_size': 16, 'num_train_epochs': 5}. Best is trial 14 with value: 0.646862455102472.
2025-04-15 19:40:14,572 - INFO - Optimisation terminée. Meilleurs paramètres: {'learning_rate': 3.472065787931698e-05, 'batch_size': 16, 'num_train_epochs': 5}
Analyse des résultats
File not found: [Errno 2] No such file or directory: '/mnt/home/av00680@ens.ad.etsmtl.ca/mti881-projet2/etape4/test-ner/trainer_state.json'
File not found: [Errno 2] No such file or directory: '/mnt/home/av00680@ens.ad.etsmtl.ca/mti881-projet2/etape4/test-ner/all_results.json'
